Wed May 29 04:35:41 2024 - URL: http://youtube.com - Result: Suspicious
Wed May 29 04:35:46 2024 - URL: https://www.apc.edu.ph/ - Result: Safe
Wed May 29 04:36:50 2024 - URL: https://www.apc.edu.ph/ - Result: Safe
Wed May 29 04:37:15 2024 - URL: https://www.apc.edu.ph/ - Result: Safe
Wed May 29 04:38:13 2024 - URL: https://cuatromanos.jehosubedi.com - Result: Safe
Wed May 29 04:39:48 2024 - URL: https://www.apc.edu.ph.coed - Result: Suspicious
Wed May 29 04:40:35 2024 - URL: http://youtube.com - Result: Suspicious
Wed May 29 04:53:01 2024 - URL: http://jehosubedi.com/ - Result: Suspicious
Wed May 29 04:54:27 2024 - URL: https://jehosubedi.com/ - Result: Safe
Wed May 29 04:55:08 2024 - URL: http://y0ut0b0e.com - Result: Suspicious
Wed May 29 05:06:42 2024 - URL: https://jehosubedi.com/ - Result: Safe
Wed May 29 05:10:12 2024 - URL: https://jehosubedi.com/ - Result: Safe
Wed May 29 05:10:19 2024 - URL: https://youtube.com - Result: Safe
Wed May 29 05:10:43 2024 - URL: https://naldo.com - Result: Blacklisted
Wed May 29 16:48:06 2024 - URL: https://pornhub.com - Result: Unreachable
Wed May 29 16:49:08 2024 - URL: https://pornhub.com - Result: Safe
Wed May 29 16:49:48 2024 - URL: https://pornhub.com - Result: Unreachable
Wed May 29 16:51:13 2024 - URL: https://porhub.com/reinergena - Result: Unreachable
Wed May 29 18:21:35 2024 - URL: https://www.facebook.com/ajhinnn - Result: Safe
Wed May 29 18:29:42 2024 - URL: https://www.facebook.com/e.joshua.e - Result: Suspicious
Wed May 29 18:30:17 2024 - URL: https://jehosubedi.com/ - Result: Safe
Wed May 29 18:30:19 2024 - URL: http://jehosubedi.com/ - Result: Suspicious
Wed May 29 18:30:32 2024 - URL: https://www.facebook.com/profile.php?id=100077183724239 - Result: Safe
Wed May 29 18:30:43 2024 - URL: http://www.facebook.com/profile.php?id=100077183724239 - Result: Suspicious
